0 info it worked if it ends with ok
1 verbose cli [ '/usr/local/Cellar/node/7.7.1_1/bin/node',
1 verbose cli   '/usr/local/bin/npm',
1 verbose cli   'install',
1 verbose cli   '--save',
1 verbose cli   'react',
1 verbose cli   'react-dom' ]
2 info using npm@4.1.2
3 info using node@v7.7.1
4 silly loadCurrentTree Starting
5 silly install loadCurrentTree
6 silly install readLocalPackageData
7 silly fetchPackageMetaData react
8 silly fetchPackageMetaData react-dom
9 silly fetchNamedPackageData react
10 silly mapToRegistry name react
11 silly mapToRegistry using default registry
12 silly mapToRegistry registry https://registry.npmjs.org/
13 silly mapToRegistry data Result {
13 silly mapToRegistry   raw: 'react',
13 silly mapToRegistry   scope: null,
13 silly mapToRegistry   escapedName: 'react',
13 silly mapToRegistry   name: 'react',
13 silly mapToRegistry   rawSpec: '',
13 silly mapToRegistry   spec: 'latest',
13 silly mapToRegistry   type: 'tag' }
14 silly mapToRegistry uri https://registry.npmjs.org/react
15 silly fetchNamedPackageData react-dom
16 silly mapToRegistry name react-dom
17 silly mapToRegistry using default registry
18 silly mapToRegistry registry https://registry.npmjs.org/
19 silly mapToRegistry data Result {
19 silly mapToRegistry   raw: 'react-dom',
19 silly mapToRegistry   scope: null,
19 silly mapToRegistry   escapedName: 'react-dom',
19 silly mapToRegistry   name: 'react-dom',
19 silly mapToRegistry   rawSpec: '',
19 silly mapToRegistry   spec: 'latest',
19 silly mapToRegistry   type: 'tag' }
20 silly mapToRegistry uri https://registry.npmjs.org/react-dom
21 verbose request uri https://registry.npmjs.org/react-dom
22 verbose request no auth needed
23 info attempt registry request try #1 at 10:38:47 AM
24 verbose request id 5d4d1f154fd65433
25 verbose etag W/"58f7640a-1785d"
26 verbose lastModified Wed, 19 Apr 2017 13:20:10 GMT
27 http request GET https://registry.npmjs.org/react-dom
28 verbose request uri https://registry.npmjs.org/react
29 verbose request no auth needed
30 info attempt registry request try #1 at 10:38:47 AM
31 verbose etag W/"58f582a6-29233"
32 verbose lastModified Tue, 18 Apr 2017 03:06:14 GMT
33 http request GET https://registry.npmjs.org/react
34 http 304 https://registry.npmjs.org/react-dom
35 verbose headers { date: 'Thu, 20 Apr 2017 14:38:47 GMT',
35 verbose headers   via: '1.1 varnish',
35 verbose headers   'cache-control': 'max-age=300',
35 verbose headers   etag: 'W/"58f7640a-1785d"',
35 verbose headers   age: '241',
35 verbose headers   connection: 'keep-alive',
35 verbose headers   'x-served-by': 'cache-yyz8330-YYZ',
35 verbose headers   'x-cache': 'HIT',
35 verbose headers   'x-cache-hits': '2',
35 verbose headers   'x-timer': 'S1492699128.612899,VS0,VE0',
35 verbose headers   vary: 'Accept-Encoding' }
36 silly get cb [ 304,
36 silly get   { date: 'Thu, 20 Apr 2017 14:38:47 GMT',
36 silly get     via: '1.1 varnish',
36 silly get     'cache-control': 'max-age=300',
36 silly get     etag: 'W/"58f7640a-1785d"',
36 silly get     age: '241',
36 silly get     connection: 'keep-alive',
36 silly get     'x-served-by': 'cache-yyz8330-YYZ',
36 silly get     'x-cache': 'HIT',
36 silly get     'x-cache-hits': '2',
36 silly get     'x-timer': 'S1492699128.612899,VS0,VE0',
36 silly get     vary: 'Accept-Encoding' } ]
37 verbose etag https://registry.npmjs.org/react-dom from cache
38 verbose get saving react-dom to /Users/toryshoreman/.npm/registry.npmjs.org/react-dom/.cache.json
39 verbose correctMkdir /Users/toryshoreman/.npm correctMkdir not in flight; initializing
40 http 304 https://registry.npmjs.org/react
41 verbose headers { date: 'Thu, 20 Apr 2017 14:38:47 GMT',
41 verbose headers   via: '1.1 varnish',
41 verbose headers   'cache-control': 'max-age=300',
41 verbose headers   etag: 'W/"58f582a6-29233"',
41 verbose headers   age: '40',
41 verbose headers   connection: 'keep-alive',
41 verbose headers   'x-served-by': 'cache-yyz8325-YYZ',
41 verbose headers   'x-cache': 'HIT',
41 verbose headers   'x-cache-hits': '1',
41 verbose headers   'x-timer': 'S1492699128.617516,VS0,VE0',
41 verbose headers   vary: 'Accept-Encoding' }
42 silly get cb [ 304,
42 silly get   { date: 'Thu, 20 Apr 2017 14:38:47 GMT',
42 silly get     via: '1.1 varnish',
42 silly get     'cache-control': 'max-age=300',
42 silly get     etag: 'W/"58f582a6-29233"',
42 silly get     age: '40',
42 silly get     connection: 'keep-alive',
42 silly get     'x-served-by': 'cache-yyz8325-YYZ',
42 silly get     'x-cache': 'HIT',
42 silly get     'x-cache-hits': '1',
42 silly get     'x-timer': 'S1492699128.617516,VS0,VE0',
42 silly get     vary: 'Accept-Encoding' } ]
43 verbose etag https://registry.npmjs.org/react from cache
44 verbose get saving react to /Users/toryshoreman/.npm/registry.npmjs.org/react/.cache.json
45 verbose correctMkdir /Users/toryshoreman/.npm correctMkdir already in flight; waiting
46 silly install normalizeTree
47 silly loadCurrentTree Finishing
48 silly loadIdealTree Starting
49 silly install loadIdealTree
50 silly cloneCurrentTree Starting
51 silly install cloneCurrentTreeToIdealTree
52 silly cloneCurrentTree Finishing
53 silly loadShrinkwrap Starting
54 silly install loadShrinkwrap
55 silly loadShrinkwrap Finishing
56 silly loadAllDepsIntoIdealTree Starting
57 silly install loadAllDepsIntoIdealTree
58 silly rollbackFailedOptional Starting
59 silly rollbackFailedOptional Finishing
60 silly runTopLevelLifecycles Finishing
61 silly install printInstalled
62 verbose stack Error: Refusing to install package with name "react" under a package
62 verbose stack also called "react". Did you name your project the same
62 verbose stack as the dependency you're installing?
62 verbose stack
62 verbose stack For more information, see:
62 verbose stack     <https://docs.npmjs.com/cli/install#limitations-of-npms-install-algorithm>
62 verbose stack     at checkSelf (/usr/local/lib/node_modules/npm/lib/install/validate-args.js:53:14)
62 verbose stack     at Array.<anonymous> (/usr/local/lib/node_modules/npm/node_modules/slide/lib/bind-actor.js:15:8)
62 verbose stack     at LOOP (/usr/local/lib/node_modules/npm/node_modules/slide/lib/chain.js:15:14)
62 verbose stack     at chain (/usr/local/lib/node_modules/npm/node_modules/slide/lib/chain.js:20:5)
62 verbose stack     at /usr/local/lib/node_modules/npm/lib/install/validate-args.js:16:5
62 verbose stack     at /usr/local/lib/node_modules/npm/node_modules/slide/lib/async-map.js:52:35
62 verbose stack     at Array.forEach (native)
62 verbose stack     at /usr/local/lib/node_modules/npm/node_modules/slide/lib/async-map.js:52:11
62 verbose stack     at Array.forEach (native)
62 verbose stack     at asyncMap (/usr/local/lib/node_modules/npm/node_modules/slide/lib/async-map.js:51:8)
63 verbose cwd /Users/toryshoreman/lighthouse/react/app
64 error Darwin 16.4.0
65 error argv "/usr/local/Cellar/node/7.7.1_1/bin/node" "/usr/local/bin/npm" "install" "--save" "react" "react-dom"
66 error node v7.7.1
67 error npm  v4.1.2
68 error code ENOSELF
69 error Refusing to install package with name "react" under a package
69 error also called "react". Did you name your project the same
69 error as the dependency you're installing?
69 error
69 error For more information, see:
69 error     <https://docs.npmjs.com/cli/install#limitations-of-npms-install-algorithm>
70 error If you need help, you may report this error at:
70 error     <https://github.com/npm/npm/issues>
71 verbose exit [ 1, true ]
